[0429/102304.698:ERROR:process_memory_win.cc(73)] ReadMemory at 0x7ff7cd390000 of 64 bytes failed: Only part of a ReadProcessMemory or WriteProcessMemory request was completed. (0x12B)
[0429/102304.824:WARNING:pe_image_reader.cc(340)] could not read dos header from C:\Program Files (x86)\Google\Chrome\Application\chrome.exe
[0429/102304.824:ERROR:process_memory_win.cc(73)] ReadMemory at 0x7ff879520000 of 64 bytes failed: Only part of a ReadProcessMemory or WriteProcessMemory request was completed. (0x12B)
[0429/102304.824:WARNING:pe_image_reader.cc(340)] could not read dos header from C:\WINDOWS\SYSTEM32\ntdll.dll
[0429/102304.824:ERROR:process_memory_win.cc(73)] ReadMemory at 0x7ff879270000 of 64 bytes failed: Only part of a ReadProcessMemory or WriteProcessMemory request was completed. (0x12B)
[0429/102304.911:WARNING:pe_image_reader.cc(340)] could not read dos header from C:\WINDOWS\System32\KERNEL32.DLL
[0429/102304.912:ERROR:process_memory_win.cc(73)] ReadMemory at 0x7ff875d60000 of 64 bytes failed: Only part of a ReadProcessMemory or WriteProcessMemory request was completed. (0x12B)
[0429/102304.912:WARNING:pe_image_reader.cc(340)] could not read dos header from C:\WINDOWS\System32\KERNELBASE.dll
[0429/102304.912:ERROR:process_memory_win.cc(73)] ReadMemory at 0x7ff873b50000 of 64 bytes failed: Only part of a ReadProcessMemory or WriteProcessMemory request was completed. (0x12B)
[0429/102304.912:WARNING:pe_image_reader.cc(340)] could not read dos header from C:\WINDOWS\SYSTEM32\apphelp.dll
[0429/102304.912:ERROR:process_memory_win.cc(73)] ReadMemory at 0x7ff877e30000 of 64 bytes failed: Only part of a ReadProcessMemory or WriteProcessMemory request was completed. (0x12B)
[0429/102304.912:WARNING:pe_image_reader.cc(340)] could not read dos header from C:\WINDOWS\System32\SHELL32.dll
[0429/102304.912:ERROR:process_memory_win.cc(73)] ReadMemory at 0x7ff876ce0000 of 64 bytes failed: Only part of a ReadProcessMemory or WriteProcessMemory request was completed. (0x12B)
[0429/102304.912:WARNING:pe_image_reader.cc(340)] could not read dos header from C:\WINDOWS\System32\msvcrt.dll
[0429/102304.912:ERROR:process_memory_win.cc(73)] ReadMemory at 0x7ff875c60000 of 64 bytes failed: Only part of a ReadProcessMemory or WriteProcessMemory request was completed. (0x12B)
[0429/102304.913:WARNING:pe_image_reader.cc(340)] could not read dos header from C:\WINDOWS\System32\cfgmgr32.dll
[0429/102304.913:ERROR:process_memory_win.cc(73)] ReadMemory at 0x7ff875b60000 of 64 bytes failed: Only part of a ReadProcessMemory or WriteProcessMemory request was completed. (0x12B)
[0429/102304.913:WARNING:pe_image_reader.cc(340)] could not read dos header from C:\WINDOWS\System32\ucrtbase.dll
[0429/102304.913:ERROR:process_memory_win.cc(73)] ReadMemory at 0x7ff876fb0000 of 64 bytes failed: Only part of a ReadProcessMemory or WriteProcessMemory request was completed. (0x12B)
[0429/102304.913:WARNING:pe_image_reader.cc(340)] could not read dos header from C:\WINDOWS\System32\shcore.dll
[0429/102304.913:ERROR:process_memory_win.cc(73)] ReadMemory at 0x7ff877800000 of 64 bytes failed: Only part of a ReadProcessMemory or WriteProcessMemory request was completed. (0x12B)
[0429/102304.913:WARNING:pe_image_reader.cc(340)] could not read dos header from C:\WINDOWS\System32\RPCRT4.dll
[0429/102304.913:ERROR:process_memory_win.cc(73)] ReadMemory at 0x7ff8769b0000 of 64 bytes failed: Only part of a ReadProcessMemory or WriteProcessMemory request was completed. (0x12B)
[0429/102304.913:WARNING:pe_image_reader.cc(340)] could not read dos header from C:\WINDOWS\System32\combase.dll
[0429/102304.913:ERROR:process_memory_win.cc(73)] ReadMemory at 0x7ff876220000 of 64 bytes failed: Only part of a ReadProcessMemory or WriteProcessMemory request was completed. (0x12B)
[0429/102304.914:WARNING:pe_image_reader.cc(340)] could not read dos header from C:\WINDOWS\System32\bcryptPrimitives.dll
[0429/102304.914:ERROR:process_memory_win.cc(73)] ReadMemory at 0x7ff8762a0000 of 64 bytes failed: Only part of a ReadProcessMemory or WriteProcessMemory request was completed. (0x12B)
[0429/102304.914:WARNING:pe_image_reader.cc(340)] could not read dos header from C:\WINDOWS\System32\windows.storage.dll
[0429/102304.914:ERROR:process_memory_win.cc(73)] ReadMemory at 0x7ff877d20000 of 64 bytes failed: Only part of a ReadProcessMemory or WriteProcessMemory request was completed. (0x12B)
[0429/102304.914:WARNING:pe_image_reader.cc(340)] could not read dos header from C:\WINDOWS\System32\advapi32.dll
[0429/102304.914:ERROR:process_memory_win.cc(73)] ReadMemory at 0x7ff8776b0000 of 64 bytes failed: Only part of a ReadProcessMemory or WriteProcessMemory request was completed. (0x12B)
[0429/102304.914:WARNING:pe_image_reader.cc(340)] could not read dos header from C:\WINDOWS\System32\sechost.dll
[0429/102304.914:ERROR:process_memory_win.cc(73)] ReadMemory at 0x7ff877dd0000 of 64 bytes failed: Only part of a ReadProcessMemory or WriteProcessMemory request was completed. (0x12B)
[0429/102304.915:WARNING:pe_image_reader.cc(340)] could not read dos header from C:\WINDOWS\System32\shlwapi.dll
[0429/102304.915:ERROR:process_memory_win.cc(73)] ReadMemory at 0x7ff877710000 of 64 bytes failed: Only part of a ReadProcessMemory or WriteProcessMemory request was completed. (0x12B)
[0429/102304.915:WARNING:pe_image_reader.cc(340)] could not read dos header from C:\WINDOWS\System32\GDI32.dll
[0429/102304.915:ERROR:process_memory_win.cc(73)] ReadMemory at 0x7ff875fe0000 of 64 bytes failed: Only part of a ReadProcessMemory or WriteProcessMemory request was completed. (0x12B)
[0429/102304.915:WARNING:pe_image_reader.cc(340)] could not read dos header from C:\WINDOWS\System32\gdi32full.dll
[0429/102304.915:ERROR:process_memory_win.cc(73)] ReadMemory at 0x7ff876180000 of 64 bytes failed: Only part of a ReadProcessMemory or WriteProcessMemory request was completed. (0x12B)
[0429/102304.915:WARNING:pe_image_reader.cc(340)] could not read dos header from C:\WINDOWS\System32\msvcp_win.dll
[0429/102304.915:ERROR:process_memory_win.cc(73)] ReadMemory at 0x7ff876d80000 of 64 bytes failed: Only part of a ReadProcessMemory or WriteProcessMemory request was completed. (0x12B)
[0429/102304.915:WARNING:pe_image_reader.cc(340)] could not read dos header from C:\WINDOWS\System32\USER32.dll
[0429/102304.915:ERROR:process_memory_win.cc(73)] ReadMemory at 0x7ff8758f0000 of 64 bytes failed: Only part of a ReadProcessMemory or WriteProcessMemory request was completed. (0x12B)
[0429/102304.916:WARNING:pe_image_reader.cc(340)] could not read dos header from C:\WINDOWS\System32\win32u.dll
[0429/102304.916:ERROR:process_memory_win.cc(73)] ReadMemory at 0x7ff8758d0000 of 64 bytes failed: Only part of a ReadProcessMemory or WriteProcessMemory request was completed. (0x12B)
[0429/102304.916:WARNING:pe_image_reader.cc(340)] could not read dos header from C:\WINDOWS\System32\kernel.appcore.dll
[0429/102304.916:ERROR:process_memory_win.cc(73)] ReadMemory at 0x7ff8758b0000 of 64 bytes failed: Only part of a ReadProcessMemory or WriteProcessMemory request was completed. (0x12B)
[0429/102304.916:WARNING:pe_image_reader.cc(340)] could not read dos header from C:\WINDOWS\System32\profapi.dll
[0429/102304.916:ERROR:process_memory_win.cc(73)] ReadMemory at 0x7ff875850000 of 64 bytes failed: Only part of a ReadProcessMemory or WriteProcessMemory request was completed. (0x12B)
[0429/102304.916:WARNING:pe_image_reader.cc(340)] could not read dos header from C:\WINDOWS\System32\powrprof.dll
[0429/102304.916:ERROR:process_memory_win.cc(73)] ReadMemory at 0x7ff8758a0000 of 64 bytes failed: Only part of a ReadProcessMemory or WriteProcessMemory request was completed. (0x12B)
[0429/102304.916:WARNING:pe_image_reader.cc(340)] could not read dos header from C:\WINDOWS\System32\FLTLIB.DLL
[0429/102304.916:ERROR:process_memory_win.cc(73)] ReadMemory at 0x7ff861c10000 of 64 bytes failed: Only part of a ReadProcessMemory or WriteProcessMemory request was completed. (0x12B)
[0429/102304.916:WARNING:pe_image_reader.cc(340)] could not read dos header from C:\Program Files (x86)\Google\Chrome\Application\73.0.3683.103\chrome_elf.dll
[0429/102304.917:ERROR:process_memory_win.cc(73)] ReadMemory at 0x7ff869f50000 of 64 bytes failed: Only part of a ReadProcessMemory or WriteProcessMemory request was completed. (0x12B)
[0429/102304.917:WARNING:pe_image_reader.cc(340)] could not read dos header from C:\WINDOWS\SYSTEM32\VERSION.dll
[0429/102304.917:ERROR:process_memory_win.cc(73)] ReadMemory at 0x7ff86d770000 of 64 bytes failed: Only part of a ReadProcessMemory or WriteProcessMemory request was completed. (0x12B)
[0429/102304.917:WARNING:pe_image_reader.cc(340)] could not read dos header from C:\WINDOWS\SYSTEM32\WINMM.dll
[0429/102304.917:ERROR:process_memory_win.cc(73)] ReadMemory at 0x7ff875730000 of 64 bytes failed: Only part of a ReadProcessMemory or WriteProcessMemory request was completed. (0x12B)
[0429/102304.917:WARNING:pe_image_reader.cc(340)] could not read dos header from C:\WINDOWS\SYSTEM32\USERENV.dll
[0429/102304.918:ERROR:process_memory_win.cc(73)] ReadMemory at 0x7ff86d740000 of 64 bytes failed: Only part of a ReadProcessMemory or WriteProcessMemory request was completed. (0x12B)
[0429/102304.918:WARNING:pe_image_reader.cc(340)] could not read dos header from C:\WINDOWS\SYSTEM32\WINMMBASE.dll
[0429/102304.918:ERROR:process_memory_win.cc(73)] ReadMemory at 0x7ff875220000 of 64 bytes failed: Only part of a ReadProcessMemory or WriteProcessMemory request was completed. (0x12B)
[0429/102304.918:WARNING:pe_image_reader.cc(340)] could not read dos header from C:\WINDOWS\SYSTEM32\CRYPTBASE.DLL
[0429/102304.918:ERROR:process_memory_win.cc(73)] ReadMemory at 0x7ff877750000 of 64 bytes failed: Only part of a ReadProcessMemory or WriteProcessMemory request was completed. (0x12B)
[0429/102304.918:WARNING:pe_image_reader.cc(340)] could not read dos header from C:\WINDOWS\System32\IMM32.DLL
[0429/102304.918:ERROR:process_memory_win.cc(73)] ReadMemory at 0x7ff82e310000 of 64 bytes failed: Only part of a ReadProcessMemory or WriteProcessMemory request was completed. (0x12B)
[0429/102304.918:WARNING:pe_image_reader.cc(340)] could not read dos header from C:\Program Files (x86)\Google\Chrome\Application\73.0.3683.103\chrome_child.dll
[0429/102304.918:ERROR:process_memory_win.cc(73)] ReadMemory at 0x7ff877640000 of 64 bytes failed: Only part of a ReadProcessMemory or WriteProcessMemory request was completed. (0x12B)
[0429/102304.919:WARNING:pe_image_reader.cc(340)] could not read dos header from C:\WINDOWS\System32\WS2_32.dll
[0429/102304.919:ERROR:process_memory_win.cc(73)] ReadMemory at 0x7ff879390000 of 64 bytes failed: Only part of a ReadProcessMemory or WriteProcessMemory request was completed. (0x12B)
[0429/102304.919:WARNING:pe_image_reader.cc(340)] could not read dos header from C:\WINDOWS\System32\ole32.dll
[0429/102304.919:ERROR:process_memory_win.cc(73)] ReadMemory at 0x7ff877c50000 of 64 bytes failed: Only part of a ReadProcessMemory or WriteProcessMemory request was completed. (0x12B)
[0429/102304.919:WARNING:pe_image_reader.cc(340)] could not read dos header from C:\WINDOWS\System32\OLEAUT32.dll
[0429/102304.919:ERROR:process_memory_win.cc(73)] ReadMemory at 0x7ff875910000 of 64 bytes failed: Only part of a ReadProcessMemory or WriteProcessMemory request was completed. (0x12B)
[0429/102304.919:WARNING:pe_image_reader.cc(340)] could not read dos header from C:\WINDOWS\System32\WINTRUST.dll
[0429/102304.920:ERROR:process_memory_win.cc(73)] ReadMemory at 0x7ff875830000 of 64 bytes failed: Only part of a ReadProcessMemory or WriteProcessMemory request was completed. (0x12B)
[0429/102304.920:WARNING:pe_image_reader.cc(340)] could not read dos header from C:\WINDOWS\System32\MSASN1.dll
[0429/102304.920:ERROR:process_memory_win.cc(73)] ReadMemory at 0x7ff875970000 of 64 bytes failed: Only part of a ReadProcessMemory or WriteProcessMemory request was completed. (0x12B)
[0429/102304.920:WARNING:pe_image_reader.cc(340)] could not read dos header from C:\WINDOWS\System32\CRYPT32.dll
[0429/102304.920:ERROR:process_memory_win.cc(73)] ReadMemory at 0x7ff877060000 of 64 bytes failed: Only part of a ReadProcessMemory or WriteProcessMemory request was completed. (0x12B)
[0429/102304.920:WARNING:pe_image_reader.cc(340)] could not read dos header from C:\WINDOWS\System32\COMDLG32.dll
[0429/102304.921:ERROR:process_memory_win.cc(73)] ReadMemory at 0x7ff874dd0000 of 64 bytes failed: Only part of a ReadProcessMemory or WriteProcessMemory request was completed. (0x12B)
[0429/102304.921:WARNING:pe_image_reader.cc(340)] could not read dos header from C:\WINDOWS\SYSTEM32\IPHLPAPI.DLL
[0429/102304.921:ERROR:process_memory_win.cc(73)] ReadMemory at 0x7ff85d4b0000 of 64 bytes failed: Only part of a ReadProcessMemory or WriteProcessMemory request was completed. (0x12B)
[0429/102304.921:WARNING:pe_image_reader.cc(340)] could not read dos header from C:\WINDOWS\SYSTEM32\OLEACC.dll
[0429/102304.921:ERROR:process_memory_win.cc(73)] ReadMemory at 0x7ff85d190000 of 64 bytes failed: Only part of a ReadProcessMemory or WriteProcessMemory request was completed. (0x12B)
[0429/102304.921:WARNING:pe_image_reader.cc(340)] could not read dos header from C:\WINDOWS\SYSTEM32\DWrite.dll
[0429/102304.921:ERROR:process_memory_win.cc(73)] ReadMemory at 0x7ff8745f0000 of 64 bytes failed: Only part of a ReadProcessMemory or WriteProcessMemory request was completed. (0x12B)
[0429/102304.922:WARNING:pe_image_reader.cc(340)] could not read dos header from C:\WINDOWS\SYSTEM32\dxgi.dll
[0429/102304.922:ERROR:process_memory_win.cc(73)] ReadMemory at 0x7ff86c110000 of 64 bytes failed: Only part of a ReadProcessMemory or WriteProcessMemory request was completed. (0x12B)
[0429/102304.922:WARNING:pe_image_reader.cc(340)] could not read dos header from C:\WINDOWS\SYSTEM32\WINSPOOL.DRV
[0429/102304.922:ERROR:process_memory_win.cc(73)] ReadMemory at 0x7ff86c840000 of 64 bytes failed: Only part of a ReadProcessMemory or WriteProcessMemory request was completed. (0x12B)
[0429/102304.922:WARNING:pe_image_reader.cc(340)] could not read dos header from C:\WINDOWS\SYSTEM32\dbghelp.dll
[0429/102304.922:ERROR:process_memory_win.cc(73)] ReadMemory at 0x7ff862d50000 of 64 bytes failed: Only part of a ReadProcessMemory or WriteProcessMemory request was completed. (0x12B)
[0429/102304.922:WARNING:pe_image_reader.cc(340)] could not read dos header from C:\WINDOWS\SYSTEM32\USP10.dll
[0429/102304.922:ERROR:process_memory_win.cc(73)] ReadMemory at 0x7ff86bcd0000 of 64 bytes failed: Only part of a ReadProcessMemory or WriteProcessMemory request was completed. (0x12B)
[0429/102304.922:WARNING:pe_image_reader.cc(340)] could not read dos header from C:\WINDOWS\WinSxS\amd64_microsoft.windows.common-controls_6595b64144ccf1df_6.0.17134.706_none_fb43a2cb30647007\COMCTL32.dll
[0429/102304.923:ERROR:process_memory_win.cc(73)] ReadMemory at 0x7ff870490000 of 64 bytes failed: Only part of a ReadProcessMemory or WriteProcessMemory request was completed. (0x12B)
[0429/102304.923:WARNING:pe_image_reader.cc(340)] could not read dos header from C:\WINDOWS\SYSTEM32\WINHTTP.dll
[0429/102304.923:ERROR:process_memory_win.cc(73)] ReadMemory at 0x7ff86e180000 of 64 bytes failed: Only part of a ReadProcessMemory or WriteProcessMemory request was completed. (0x12B)
[0429/102304.923:WARNING:pe_image_reader.cc(340)] could not read dos header from C:\WINDOWS\SYSTEM32\urlmon.dll
[0429/102304.923:ERROR:process_memory_win.cc(73)] ReadMemory at 0x7ff871ec0000 of 64 bytes failed: Only part of a ReadProcessMemory or WriteProcessMemory request was completed. (0x12B)
[0429/102304.923:WARNING:pe_image_reader.cc(340)] could not read dos header from C:\WINDOWS\SYSTEM32\Secur32.dll
[0429/102304.923:ERROR:process_memory_win.cc(73)] ReadMemory at 0x7ff86da00000 of 64 bytes failed: Only part of a ReadProcessMemory or WriteProcessMemory request was completed. (0x12B)
[0429/102304.923:WARNING:pe_image_reader.cc(340)] could not read dos header from C:\WINDOWS\SYSTEM32\dhcpcsvc.DLL
[0429/102304.924:ERROR:process_memory_win.cc(73)] ReadMemory at 0x7ff877150000 of 64 bytes failed: Only part of a ReadProcessMemory or WriteProcessMemory request was completed. (0x12B)
[0429/102304.924:WARNING:pe_image_reader.cc(340)] could not read dos header from C:\WINDOWS\System32\NSI.dll
[0429/102304.924:ERROR:process_memory_win.cc(73)] ReadMemory at 0x7ff874310000 of 64 bytes failed: Only part of a ReadProcessMemory or WriteProcessMemory request was completed. (0x12B)
[0429/102304.924:WARNING:pe_image_reader.cc(340)] could not read dos header from C:\WINDOWS\SYSTEM32\PROPSYS.dll
[0429/102304.924:ERROR:process_memory_win.cc(73)] ReadMemory at 0x7ff875330000 of 64 bytes failed: Only part of a ReadProcessMemory or WriteProcessMemory request was completed. (0x12B)
[0429/102304.925:WARNING:pe_image_reader.cc(340)] could not read dos header from C:\WINDOWS\SYSTEM32\bcrypt.dll
[0429/102304.925:ERROR:process_memory_win.cc(73)] ReadMemory at 0x7ff86ded0000 of 64 bytes failed: Only part of a ReadProcessMemory or WriteProcessMemory request was completed. (0x12B)
[0429/102304.925:WARNING:pe_image_reader.cc(340)] could not read dos header from C:\WINDOWS\SYSTEM32\iertutil.dll
[0429/102304.925:ERROR:process_memory_win.cc(73)] ReadMemory at 0x7ff875760000 of 64 bytes failed: Only part of a ReadProcessMemory or WriteProcessMemory request was completed. (0x12B)
[0429/102304.925:WARNING:pe_image_reader.cc(340)] could not read dos header from C:\WINDOWS\SYSTEM32\SSPICLI.DLL
[0429/102304.966:ERROR:process_memory_win.cc(73)] ReadMemory at 0xdee83f6000 of 40960 bytes failed: Only part of a ReadProcessMemory or WriteProcessMemory request was completed. (0x12B)
[0429/102304.967:ERROR:process_memory_win.cc(73)] ReadMemory at 0xdee85fe000 of 8192 bytes failed: Only part of a ReadProcessMemory or WriteProcessMemory request was completed. (0x12B)
[0429/102304.967:ERROR:process_memory_win.cc(73)] ReadMemory at 0xdee87fb000 of 20480 bytes failed: Only part of a ReadProcessMemory or WriteProcessMemory request was completed. (0x12B)
[0429/102304.967:ERROR:process_memory_win.cc(73)] ReadMemory at 0xdee89fa000 of 24576 bytes failed: Only part of a ReadProcessMemory or WriteProcessMemory request was completed. (0x12B)
[0429/102304.968:ERROR:process_memory_win.cc(73)] ReadMemory at 0xdee8bfe000 of 8192 bytes failed: Only part of a ReadProcessMemory or WriteProcessMemory request was completed. (0x12B)
[0429/102304.968:ERROR:process_memory_win.cc(73)] ReadMemory at 0xdee8dfe000 of 8192 bytes failed: Only part of a ReadProcessMemory or WriteProcessMemory request was completed. (0x12B)
[0429/102304.968:ERROR:process_memory_win.cc(73)] ReadMemory at 0xdee8ffd000 of 12288 bytes failed: Only part of a ReadProcessMemory or WriteProcessMemory request was completed. (0x12B)
[0429/102304.968:ERROR:process_memory_win.cc(73)] ReadMemory at 0xdee91ff000 of 4096 bytes failed: Only part of a ReadProcessMemory or WriteProcessMemory request was completed. (0x12B)
[0429/102304.968:ERROR:process_memory_win.cc(73)] ReadMemory at 0xdee93fe000 of 8192 bytes failed: Only part of a ReadProcessMemory or WriteProcessMemory request was completed. (0x12B)
[0429/102304.969:ERROR:process_memory_win.cc(73)] ReadMemory at 0xdee95fd000 of 12288 bytes failed: Only part of a ReadProcessMemory or WriteProcessMemory request was completed. (0x12B)
[0429/102304.969:ERROR:process_memory_win.cc(73)] ReadMemory at 0xdee97fe000 of 8192 bytes failed: Only part of a ReadProcessMemory or WriteProcessMemory request was completed. (0x12B)
[0429/102304.969:ERROR:process_memory_win.cc(73)] ReadMemory at 0xdee99fe000 of 8192 bytes failed: Only part of a ReadProcessMemory or WriteProcessMemory request was completed. (0x12B)
[0429/102304.970:ERROR:process_memory_win.cc(73)] ReadMemory at 0xdee9bfe000 of 8192 bytes failed: Only part of a ReadProcessMemory or WriteProcessMemory request was completed. (0x12B)
[0429/102304.971:ERROR:process_memory_win.cc(73)] ReadMemory at 0xdee9dfb000 of 20480 bytes failed: Only part of a ReadProcessMemory or WriteProcessMemory request was completed. (0x12B)
[0429/102304.972:ERROR:process_memory_win.cc(73)] ReadMemory at 0xdeea1fd000 of 12288 bytes failed: Only part of a ReadProcessMemory or WriteProcessMemory request was completed. (0x12B)
[0429/102304.972:ERROR:process_memory_win.cc(73)] ReadMemory at 0xdeea3fd000 of 12288 bytes failed: Only part of a ReadProcessMemory or WriteProcessMemory request was completed. (0x12B)
[0429/102304.972:ERROR:process_memory_win.cc(73)] ReadMemory at 0xdeea5fd000 of 12288 bytes failed: Only part of a ReadProcessMemory or WriteProcessMemory request was completed. (0x12B)
[0429/102304.972:ERROR:process_memory_win.cc(73)] ReadMemory at 0xdeea6fe000 of 8192 bytes failed: Only part of a ReadProcessMemory or WriteProcessMemory request was completed. (0x12B)
[0429/102304.972:ERROR:process_memory_win.cc(73)] ReadMemory at 0xdee9fff000 of 4096 bytes failed: Only part of a ReadProcessMemory or WriteProcessMemory request was completed. (0x12B)
[0429/102304.973:ERROR:process_memory_win.cc(73)] ReadMemory at 0xdee81d7000 of 852 bytes failed: Only part of a ReadProcessMemory or WriteProcessMemory request was completed. (0x12B)
[0429/102304.973:ERROR:process_memory_win.cc(73)] ReadMemory at 0xdee81d8000 of 6024 bytes failed: Only part of a ReadProcessMemory or WriteProcessMemory request was completed. (0x12B)
[0429/102304.973:ERROR:process_memory_win.cc(73)] ReadMemory at 0xdee81da000 of 6024 bytes failed: Only part of a ReadProcessMemory or WriteProcessMemory request was completed. (0x12B)
[0429/102304.973:ERROR:process_memory_win.cc(73)] ReadMemory at 0xdee81dc000 of 6024 bytes failed: Only part of a ReadProcessMemory or WriteProcessMemory request was completed. (0x12B)
[0429/102304.974:ERROR:process_memory_win.cc(73)] ReadMemory at 0xdee81de000 of 6024 bytes failed: Only part of a ReadProcessMemory or WriteProcessMemory request was completed. (0x12B)
[0429/102304.974:ERROR:process_memory_win.cc(73)] ReadMemory at 0xdee81e0000 of 6024 bytes failed: Only part of a ReadProcessMemory or WriteProcessMemory request was completed. (0x12B)
[0429/102304.975:ERROR:process_memory_win.cc(73)] ReadMemory at 0xdee81e2000 of 6024 bytes failed: Only part of a ReadProcessMemory or WriteProcessMemory request was completed. (0x12B)
[0429/102304.975:ERROR:process_memory_win.cc(73)] ReadMemory at 0xdee81e4000 of 6024 bytes failed: Only part of a ReadProcessMemory or WriteProcessMemory request was completed. (0x12B)
[0429/102304.975:ERROR:process_memory_win.cc(73)] ReadMemory at 0xdee81e6000 of 6024 bytes failed: Only part of a ReadProcessMemory or WriteProcessMemory request was completed. (0x12B)
[0429/102304.976:ERROR:process_memory_win.cc(73)] ReadMemory at 0xdee81e8000 of 6024 bytes failed: Only part of a ReadProcessMemory or WriteProcessMemory request was completed. (0x12B)
[0429/102304.976:ERROR:process_memory_win.cc(73)] ReadMemory at 0xdee81ea000 of 6024 bytes failed: Only part of a ReadProcessMemory or WriteProcessMemory request was completed. (0x12B)
[0429/102304.976:ERROR:process_memory_win.cc(73)] ReadMemory at 0xdee81ec000 of 6024 bytes failed: Only part of a ReadProcessMemory or WriteProcessMemory request was completed. (0x12B)
[0429/102304.976:ERROR:process_memory_win.cc(73)] ReadMemory at 0xdee81ee000 of 6024 bytes failed: Only part of a ReadProcessMemory or WriteProcessMemory request was completed. (0x12B)
[0429/102304.977:ERROR:process_memory_win.cc(73)] ReadMemory at 0xdee81f0000 of 6024 bytes failed: Only part of a ReadProcessMemory or WriteProcessMemory request was completed. (0x12B)
[0429/102304.977:ERROR:process_memory_win.cc(73)] ReadMemory at 0xdee81f2000 of 6024 bytes failed: Only part of a ReadProcessMemory or WriteProcessMemory request was completed. (0x12B)
[0429/102304.977:ERROR:process_memory_win.cc(73)] ReadMemory at 0xdee81f6000 of 6024 bytes failed: Only part of a ReadProcessMemory or WriteProcessMemory request was completed. (0x12B)
[0429/102304.977:ERROR:process_memory_win.cc(73)] ReadMemory at 0xdee81f8000 of 6024 bytes failed: Only part of a ReadProcessMemory or WriteProcessMemory request was completed. (0x12B)
[0429/102304.978:ERROR:process_memory_win.cc(73)] ReadMemory at 0xdee81fa000 of 6024 bytes failed: Only part of a ReadProcessMemory or WriteProcessMemory request was completed. (0x12B)
[0429/102304.978:ERROR:process_memory_win.cc(73)] ReadMemory at 0xdee81fc000 of 6024 bytes failed: Only part of a ReadProcessMemory or WriteProcessMemory request was completed. (0x12B)
[0429/102304.978:ERROR:process_memory_win.cc(73)] ReadMemory at 0xdee81fe000 of 6024 bytes failed: Only part of a ReadProcessMemory or WriteProcessMemory request was completed. (0x12B)
[0429/102304.978:ERROR:process_memory_win.cc(73)] ReadMemory at 0x246ae9a0fc0 of 5966 bytes failed: Only part of a ReadProcessMemory or WriteProcessMemory request was completed. (0x12B)
[0429/102304.979:ERROR:process_memory_win.cc(73)] ReadMemory at 0x246ae9a2720 of 1012 bytes failed: Only part of a ReadProcessMemory or WriteProcessMemory request was completed. (0x12B)
[0429/102304.979:ERROR:process_memory_win.cc(73)] ReadMemory at 0x246ae9a2d38 of 118 bytes failed: Only part of a ReadProcessMemory or WriteProcessMemory request was completed. (0x12B)
[0429/102304.979:ERROR:process_memory_win.cc(73)] ReadMemory at 0x246ae9a2db0 of 1048 bytes failed: Only part of a ReadProcessMemory or WriteProcessMemory request was completed. (0x12B)
[0429/102304.979:ERROR:process_memory_win.cc(73)] ReadMemory at 0x246ae9a31ca of 118 bytes failed: Only part of a ReadProcessMemory or WriteProcessMemory request was completed. (0x12B)
[0429/102304.979:ERROR:process_memory_win.cc(73)] ReadMemory at 0x246ae9a3242 of 100 bytes failed: Only part of a ReadProcessMemory or WriteProcessMemory request was completed. (0x12B)
[0429/102304.980:ERROR:process_memory_win.cc(73)] ReadMemory at 0x246ae9a32c0 of 58 bytes failed: Only part of a ReadProcessMemory or WriteProcessMemory request was completed. (0x12B)
[0429/102304.980:ERROR:process_memory_win.cc(73)] ReadMemory at 0x246ae9a33c0 of 132 bytes failed: Only part of a ReadProcessMemory or WriteProcessMemory request was completed. (0x12B)
[0429/102304.980:ERROR:process_memory_win.cc(73)] ReadMemory at 0x246ae9a3550 of 132 bytes failed: Only part of a ReadProcessMemory or WriteProcessMemory request was completed. (0x12B)
[0429/102304.980:ERROR:process_memory_win.cc(73)] ReadMemory at 0x246ae9a3710 of 126 bytes failed: Only part of a ReadProcessMemory or WriteProcessMemory request was completed. (0x12B)
[0429/102304.980:ERROR:process_memory_win.cc(73)] ReadMemory at 0x246ae9a3af0 of 132 bytes failed: Only part of a ReadProcessMemory or WriteProcessMemory request was completed. (0x12B)
[0429/102304.981:ERROR:process_memory_win.cc(73)] ReadMemory at 0x246ae9a3c80 of 64 bytes failed: Only part of a ReadProcessMemory or WriteProcessMemory request was completed. (0x12B)
[0429/102304.981:ERROR:process_memory_win.cc(73)] ReadMemory at 0x246ae9a3de0 of 132 bytes failed: Only part of a ReadProcessMemory or WriteProcessMemory request was completed. (0x12B)
[0429/102304.981:ERROR:process_memory_win.cc(73)] ReadMemory at 0x246ae9a3fe0 of 62 bytes failed: Only part of a ReadProcessMemory or WriteProcessMemory request was completed. (0x12B)
[0429/102304.981:ERROR:process_memory_win.cc(73)] ReadMemory at 0x246ae9a40d0 of 132 bytes failed: Only part of a ReadProcessMemory or WriteProcessMemory request was completed. (0x12B)
[0429/102304.981:ERROR:process_memory_win.cc(73)] ReadMemory at 0x246ae9a4260 of 68 bytes failed: Only part of a ReadProcessMemory or WriteProcessMemory request was completed. (0x12B)
[0429/102304.981:ERROR:process_memory_win.cc(73)] ReadMemory at 0x246ae9aa6d0 of 132 bytes failed: Only part of a ReadProcessMemory or WriteProcessMemory request was completed. (0x12B)
[0429/102304.982:ERROR:process_memory_win.cc(73)] ReadMemory at 0x246ae9aa910 of 132 bytes failed: Only part of a ReadProcessMemory or WriteProcessMemory request was completed. (0x12B)
[0429/102304.982:ERROR:process_memory_win.cc(73)] ReadMemory at 0x246ae9aaaa0 of 62 bytes failed: Only part of a ReadProcessMemory or WriteProcessMemory request was completed. (0x12B)
[0429/102304.982:ERROR:process_memory_win.cc(73)] ReadMemory at 0x246ae9ac220 of 132 bytes failed: Only part of a ReadProcessMemory or WriteProcessMemory request was completed. (0x12B)
[0429/102304.982:ERROR:process_memory_win.cc(73)] ReadMemory at 0x246ae9ac3b0 of 60 bytes failed: Only part of a ReadProcessMemory or WriteProcessMemory request was completed. (0x12B)
[0429/102304.982:ERROR:process_memory_win.cc(73)] ReadMemory at 0x246ae9ac400 of 158 bytes failed: Only part of a ReadProcessMemory or WriteProcessMemory request was completed. (0x12B)
[0429/102304.982:ERROR:process_memory_win.cc(73)] ReadMemory at 0x246ae9ac600 of 132 bytes failed: Only part of a ReadProcessMemory or WriteProcessMemory request was completed. (0x12B)
[0429/102304.983:ERROR:process_memory_win.cc(73)] ReadMemory at 0x246ae9ac790 of 64 bytes failed: Only part of a ReadProcessMemory or WriteProcessMemory request was completed. (0x12B)
[0429/102304.983:ERROR:process_memory_win.cc(73)] ReadMemory at 0x246ae9aca10 of 132 bytes failed: Only part of a ReadProcessMemory or WriteProcessMemory request was completed. (0x12B)
[0429/102304.983:ERROR:process_memory_win.cc(73)] ReadMemory at 0x246ae9acba0 of 64 bytes failed: Only part of a ReadProcessMemory or WriteProcessMemory request was completed. (0x12B)
[0429/102304.983:ERROR:process_memory_win.cc(73)] ReadMemory at 0x246ae9ace00 of 132 bytes failed: Only part of a ReadProcessMemory or WriteProcessMemory request was completed. (0x12B)
[0429/102304.983:ERROR:process_memory_win.cc(73)] ReadMemory at 0x246ae9acf90 of 60 bytes failed: Only part of a ReadProcessMemory or WriteProcessMemory request was completed. (0x12B)
[0429/102304.983:ERROR:process_memory_win.cc(73)] ReadMemory at 0x246ae9ad2b0 of 132 bytes failed: Only part of a ReadProcessMemory or WriteProcessMemory request was completed. (0x12B)
[0429/102304.983:ERROR:process_memory_win.cc(73)] ReadMemory at 0x246ae9ad440 of 60 bytes failed: Only part of a ReadProcessMemory or WriteProcessMemory request was completed. (0x12B)
[0429/102304.984:ERROR:process_memory_win.cc(73)] ReadMemory at 0x246ae9ad680 of 132 bytes failed: Only part of a ReadProcessMemory or WriteProcessMemory request was completed. (0x12B)
[0429/102304.984:ERROR:process_memory_win.cc(73)] ReadMemory at 0x246ae9ad810 of 62 bytes failed: Only part of a ReadProcessMemory or WriteProcessMemory request was completed. (0x12B)
[0429/102304.984:ERROR:process_memory_win.cc(73)] ReadMemory at 0x246ae9ae360 of 132 bytes failed: Only part of a ReadProcessMemory or WriteProcessMemory request was completed. (0x12B)
[0429/102304.984:ERROR:process_memory_win.cc(73)] ReadMemory at 0x246ae9ae600 of 78 bytes failed: Only part of a ReadProcessMemory or WriteProcessMemory request was completed. (0x12B)
[0429/102304.984:ERROR:process_memory_win.cc(73)] ReadMemory at 0x246ae9ae660 of 76 bytes failed: Only part of a ReadProcessMemory or WriteProcessMemory request was completed. (0x12B)
[0429/102304.985:ERROR:process_memory_win.cc(73)] ReadMemory at 0x246ae9aec00 of 80 bytes failed: Only part of a ReadProcessMemory or WriteProcessMemory request was completed. (0x12B)
[0429/102304.985:ERROR:process_memory_win.cc(73)] ReadMemory at 0x246ae9aee90 of 132 bytes failed: Only part of a ReadProcessMemory or WriteProcessMemory request was completed. (0x12B)
[0429/102304.985:ERROR:process_memory_win.cc(73)] ReadMemory at 0x246ae9af380 of 132 bytes failed: Only part of a ReadProcessMemory or WriteProcessMemory request was completed. (0x12B)
[0429/102304.985:ERROR:process_memory_win.cc(73)] ReadMemory at 0x246ae9af500 of 62 bytes failed: Only part of a ReadProcessMemory or WriteProcessMemory request was completed. (0x12B)
[0429/102304.985:ERROR:process_memory_win.cc(73)] ReadMemory at 0x246ae9af550 of 62 bytes failed: Only part of a ReadProcessMemory or WriteProcessMemory request was completed. (0x12B)
[0429/102304.986:ERROR:process_memory_win.cc(73)] ReadMemory at 0x246ae9af5a0 of 58 bytes failed: Only part of a ReadProcessMemory or WriteProcessMemory request was completed. (0x12B)
[0429/102304.986:ERROR:process_memory_win.cc(73)] ReadMemory at 0x246ae9af5f0 of 62 bytes failed: Only part of a ReadProcessMemory or WriteProcessMemory request was completed. (0x12B)
[0429/102304.986:ERROR:process_memory_win.cc(73)] ReadMemory at 0x246ae9af640 of 66 bytes failed: Only part of a ReadProcessMemory or WriteProcessMemory request was completed. (0x12B)
[0429/102304.987:ERROR:process_memory_win.cc(73)] ReadMemory at 0x246ae9af7d0 of 62 bytes failed: Only part of a ReadProcessMemory or WriteProcessMemory request was completed. (0x12B)
[0429/102304.987:ERROR:process_memory_win.cc(73)] ReadMemory at 0x246ae9af820 of 60 bytes failed: Only part of a ReadProcessMemory or WriteProcessMemory request was completed. (0x12B)
[0429/102304.987:ERROR:process_memory_win.cc(73)] ReadMemory at 0x246ae9af870 of 62 bytes failed: Only part of a ReadProcessMemory or WriteProcessMemory request was completed. (0x12B)
[0429/102304.987:ERROR:process_memory_win.cc(73)] ReadMemory at 0x246ae9af8c0 of 60 bytes failed: Only part of a ReadProcessMemory or WriteProcessMemory request was completed. (0x12B)
[0429/102304.987:ERROR:process_memory_win.cc(73)] ReadMemory at 0x246ae9af910 of 66 bytes failed: Only part of a ReadProcessMemory or WriteProcessMemory request was completed. (0x12B)
[0429/102304.988:ERROR:process_memory_win.cc(73)] ReadMemory at 0x246ae9af9b0 of 64 bytes failed: Only part of a ReadProcessMemory or WriteProcessMemory request was completed. (0x12B)
[0429/102304.988:ERROR:process_memory_win.cc(73)] ReadMemory at 0x246ae9afa00 of 58 bytes failed: Only part of a ReadProcessMemory or WriteProcessMemory request was completed. (0x12B)
[0429/102304.988:ERROR:process_memory_win.cc(73)] ReadMemory at 0x246ae9afa50 of 64 bytes failed: Only part of a ReadProcessMemory or WriteProcessMemory request was completed. (0x12B)
[0429/102304.988:ERROR:process_memory_win.cc(73)] ReadMemory at 0x246ae9afaa0 of 60 bytes failed: Only part of a ReadProcessMemory or WriteProcessMemory request was completed. (0x12B)
[0429/102304.988:ERROR:process_memory_win.cc(73)] ReadMemory at 0x246ae9afb90 of 66 bytes failed: Only part of a ReadProcessMemory or WriteProcessMemory request was completed. (0x12B)
[0429/102304.988:ERROR:process_memory_win.cc(73)] ReadMemory at 0x246ae9b0de0 of 132 bytes failed: Only part of a ReadProcessMemory or WriteProcessMemory request was completed. (0x12B)
[0429/102304.988:ERROR:process_memory_win.cc(73)] ReadMemory at 0x246ae9b1030 of 132 bytes failed: Only part of a ReadProcessMemory or WriteProcessMemory request was completed. (0x12B)
[0429/102304.989:ERROR:process_memory_win.cc(73)] ReadMemory at 0x246ae9b1160 of 132 bytes failed: Only part of a ReadProcessMemory or WriteProcessMemory request was completed. (0x12B)
[0429/102304.989:ERROR:process_memory_win.cc(73)] ReadMemory at 0x246ae9b1290 of 132 bytes failed: Only part of a ReadProcessMemory or WriteProcessMemory request was completed. (0x12B)
[0429/102304.989:ERROR:process_memory_win.cc(73)] ReadMemory at 0x246ae9b13c0 of 132 bytes failed: Only part of a ReadProcessMemory or WriteProcessMemory request was completed. (0x12B)
[0429/102304.989:ERROR:process_memory_win.cc(73)] ReadMemory at 0x246ae9b14f0 of 132 bytes failed: Only part of a ReadProcessMemory or WriteProcessMemory request was completed. (0x12B)
[0429/102304.989:ERROR:process_memory_win.cc(73)] ReadMemory at 0x246ae9b1620 of 132 bytes failed: Only part of a ReadProcessMemory or WriteProcessMemory request was completed. (0x12B)
[0429/102304.989:ERROR:process_memory_win.cc(73)] ReadMemory at 0x246ae9b1750 of 132 bytes failed: Only part of a ReadProcessMemory or WriteProcessMemory request was completed. (0x12B)
[0429/102304.990:ERROR:process_memory_win.cc(73)] ReadMemory at 0x246ae9b1880 of 132 bytes failed: Only part of a ReadProcessMemory or WriteProcessMemory request was completed. (0x12B)
[0429/102304.990:ERROR:process_memory_win.cc(73)] ReadMemory at 0x246ae9b19b0 of 132 bytes failed: Only part of a ReadProcessMemory or WriteProcessMemory request was completed. (0x12B)
[0429/102304.990:ERROR:process_memory_win.cc(73)] ReadMemory at 0x246ae9b1ae0 of 132 bytes failed: Only part of a ReadProcessMemory or WriteProcessMemory request was completed. (0x12B)
[0429/102304.990:ERROR:process_memory_win.cc(73)] ReadMemory at 0x246ae9b1c10 of 132 bytes failed: Only part of a ReadProcessMemory or WriteProcessMemory request was completed. (0x12B)
[0429/102304.990:ERROR:process_memory_win.cc(73)] ReadMemory at 0x246ae9b1d40 of 132 bytes failed: Only part of a ReadProcessMemory or WriteProcessMemory request was completed. (0x12B)
[0429/102304.992:ERROR:process_memory_win.cc(73)] ReadMemory at 0x246ae9b1e70 of 132 bytes failed: Only part of a ReadProcessMemory or WriteProcessMemory request was completed. (0x12B)
[0429/102304.992:ERROR:process_memory_win.cc(73)] ReadMemory at 0x246ae9b3840 of 246 bytes failed: Only part of a ReadProcessMemory or WriteProcessMemory request was completed. (0x12B)
[0429/102304.992:ERROR:process_memory_win.cc(73)] ReadMemory at 0x246ae9b3950 of 154 bytes failed: Only part of a ReadProcessMemory or WriteProcessMemory request was completed. (0x12B)
[0429/102304.993:ERROR:process_memory_win.cc(73)] ReadMemory at 0x246ae9b5270 of 132 bytes failed: Only part of a ReadProcessMemory or WriteProcessMemory request was completed. (0x12B)
[0429/102304.993:ERROR:process_memory_win.cc(73)] ReadMemory at 0x246ae9b53a0 of 132 bytes failed: Only part of a ReadProcessMemory or WriteProcessMemory request was completed. (0x12B)
[0429/102304.993:ERROR:process_memory_win.cc(73)] ReadMemory at 0x246ae9b54d0 of 132 bytes failed: Only part of a ReadProcessMemory or WriteProcessMemory request was completed. (0x12B)
[0429/102304.993:ERROR:process_memory_win.cc(73)] ReadMemory at 0x246ae9b5600 of 132 bytes failed: Only part of a ReadProcessMemory or WriteProcessMemory request was completed. (0x12B)
[0429/102304.993:ERROR:process_memory_win.cc(73)] ReadMemory at 0x246ae9b5730 of 132 bytes failed: Only part of a ReadProcessMemory or WriteProcessMemory request was completed. (0x12B)
[0429/102304.994:ERROR:process_memory_win.cc(73)] ReadMemory at 0x246ae9b5860 of 132 bytes failed: Only part of a ReadProcessMemory or WriteProcessMemory request was completed. (0x12B)
[0429/102304.994:ERROR:process_memory_win.cc(73)] ReadMemory at 0x246ae9b5990 of 132 bytes failed: Only part of a ReadProcessMemory or WriteProcessMemory request was completed. (0x12B)
[0429/102304.994:ERROR:process_memory_win.cc(73)] ReadMemory at 0x246ae9b5ac0 of 132 bytes failed: Only part of a ReadProcessMemory or WriteProcessMemory request was completed. (0x12B)
[0429/102304.994:ERROR:process_memory_win.cc(73)] ReadMemory at 0x246ae9b5bf0 of 132 bytes failed: Only part of a ReadProcessMemory or WriteProcessMemory request was completed. (0x12B)
[0429/102304.995:ERROR:process_memory_win.cc(73)] ReadMemory at 0x246ae9b5d20 of 132 bytes failed: Only part of a ReadProcessMemory or WriteProcessMemory request was completed. (0x12B)
[0429/102304.995:ERROR:process_memory_win.cc(73)] ReadMemory at 0x246ae9b5e50 of 132 bytes failed: Only part of a ReadProcessMemory or WriteProcessMemory request was completed. (0x12B)
[0429/102304.995:ERROR:process_memory_win.cc(73)] ReadMemory at 0x246ae9b5f80 of 132 bytes failed: Only part of a ReadProcessMemory or WriteProcessMemory request was completed. (0x12B)
[0429/102304.995:ERROR:process_memory_win.cc(73)] ReadMemory at 0x246ae9b60b0 of 132 bytes failed: Only part of a ReadProcessMemory or WriteProcessMemory request was completed. (0x12B)
[0429/102304.995:ERROR:process_memory_win.cc(73)] ReadMemory at 0x246ae9b61e0 of 132 bytes failed: Only part of a ReadProcessMemory or WriteProcessMemory request was completed. (0x12B)
[0429/102304.996:ERROR:process_memory_win.cc(73)] ReadMemory at 0x246ae9b6310 of 132 bytes failed: Only part of a ReadProcessMemory or WriteProcessMemory request was completed. (0x12B)
[0429/102304.996:ERROR:process_memory_win.cc(73)] ReadMemory at 0x246ae9b6570 of 132 bytes failed: Only part of a ReadProcessMemory or WriteProcessMemory request was completed. (0x12B)
[0429/102304.996:ERROR:process_memory_win.cc(73)] ReadMemory at 0x246ae9b66a0 of 132 bytes failed: Only part of a ReadProcessMemory or WriteProcessMemory request was completed. (0x12B)
[0429/102304.996:ERROR:process_memory_win.cc(73)] ReadMemory at 0x246ae9b67d0 of 132 bytes failed: Only part of a ReadProcessMemory or WriteProcessMemory request was completed. (0x12B)
[0429/102304.997:ERROR:process_memory_win.cc(73)] ReadMemory at 0x246ae9b6900 of 132 bytes failed: Only part of a ReadProcessMemory or WriteProcessMemory request was completed. (0x12B)
[0429/102304.997:ERROR:process_memory_win.cc(73)] ReadMemory at 0x246ae9b6b60 of 132 bytes failed: Only part of a ReadProcessMemory or WriteProcessMemory request was completed. (0x12B)
[0429/102304.997:ERROR:process_memory_win.cc(73)] ReadMemory at 0x246ae9b6c90 of 132 bytes failed: Only part of a ReadProcessMemory or WriteProcessMemory request was completed. (0x12B)
[0429/102304.997:ERROR:process_memory_win.cc(73)] ReadMemory at 0x246ae9b6dc0 of 132 bytes failed: Only part of a ReadProcessMemory or WriteProcessMemory request was completed. (0x12B)
[0429/102304.997:ERROR:process_memory_win.cc(73)] ReadMemory at 0x246ae9b6ef0 of 132 bytes failed: Only part of a ReadProcessMemory or WriteProcessMemory request was completed. (0x12B)
[0429/102304.998:ERROR:process_memory_win.cc(73)] ReadMemory at 0x246ae9b7020 of 132 bytes failed: Only part of a ReadProcessMemory or WriteProcessMemory request was completed. (0x12B)
[0429/102304.998:ERROR:process_memory_win.cc(73)] ReadMemory at 0x246ae9b93d0 of 64 bytes failed: Only part of a ReadProcessMemory or WriteProcessMemory request was completed. (0x12B)
[0429/102304.998:ERROR:process_memory_win.cc(73)] ReadMemory at 0x246ae9b9470 of 64 bytes failed: Only part of a ReadProcessMemory or WriteProcessMemory request was completed. (0x12B)
[0429/102304.998:ERROR:process_memory_win.cc(73)] ReadMemory at 0x246ae9b96f0 of 58 bytes failed: Only part of a ReadProcessMemory or WriteProcessMemory request was completed. (0x12B)
[0429/102304.998:ERROR:process_memory_win.cc(73)] ReadMemory at 0x246ae9b9880 of 58 bytes failed: Only part of a ReadProcessMemory or WriteProcessMemory request was completed. (0x12B)
[0429/102304.999:ERROR:process_memory_win.cc(73)] ReadMemory at 0x246ae9b9d30 of 66 bytes failed: Only part of a ReadProcessMemory or WriteProcessMemory request was completed. (0x12B)
[0429/102304.999:ERROR:process_memory_win.cc(73)] ReadMemory at 0x246ae9b9f60 of 60 bytes failed: Only part of a ReadProcessMemory or WriteProcessMemory request was completed. (0x12B)
[0429/102304.999:ERROR:process_memory_win.cc(73)] ReadMemory at 0x246ae9b9fb0 of 64 bytes failed: Only part of a ReadProcessMemory or WriteProcessMemory request was completed. (0x12B)
[0429/102304.999:ERROR:process_memory_win.cc(73)] ReadMemory at 0x246ae9ba0a0 of 64 bytes failed: Only part of a ReadProcessMemory or WriteProcessMemory request was completed. (0x12B)
[0429/102305.000:ERROR:process_memory_win.cc(73)] ReadMemory at 0x246ae9ba230 of 60 bytes failed: Only part of a ReadProcessMemory or WriteProcessMemory request was completed. (0x12B)
[0429/102305.000:ERROR:process_memory_win.cc(73)] ReadMemory at 0x246ae9ba280 of 62 bytes failed: Only part of a ReadProcessMemory or WriteProcessMemory request was completed. (0x12B)
[0429/102305.000:ERROR:process_memory_win.cc(73)] ReadMemory at 0x246ae9bfdc0 of 54 bytes failed: Only part of a ReadProcessMemory or WriteProcessMemory request was completed. (0x12B)
[0429/102305.000:ERROR:process_memory_win.cc(73)] ReadMemory at 0x246ae9c78f0 of 62 bytes failed: Only part of a ReadProcessMemory or WriteProcessMemory request was completed. (0x12B)
[0429/102305.000:ERROR:process_memory_win.cc(73)] ReadMemory at 0x246ae9c7ad0 of 62 bytes failed: Only part of a ReadProcessMemory or WriteProcessMemory request was completed. (0x12B)
[0429/102305.001:ERROR:process_memory_win.cc(73)] ReadMemory at 0x246ae9c7c10 of 62 bytes failed: Only part of a ReadProcessMemory or WriteProcessMemory request was completed. (0x12B)
[0429/102305.001:ERROR:process_memory_win.cc(73)] ReadMemory at 0x246ae9c7e40 of 56 bytes failed: Only part of a ReadProcessMemory or WriteProcessMemory request was completed. (0x12B)
[0429/102305.001:ERROR:process_memory_win.cc(73)] ReadMemory at 0x246ae9c7e90 of 62 bytes failed: Only part of a ReadProcessMemory or WriteProcessMemory request was completed. (0x12B)
[0429/102305.001:ERROR:process_memory_win.cc(73)] ReadMemory at 0x246ae9c7f30 of 64 bytes failed: Only part of a ReadProcessMemory or WriteProcessMemory request was completed. (0x12B)
[0429/102305.001:ERROR:process_memory_win.cc(73)] ReadMemory at 0x246ae9c7fd0 of 60 bytes failed: Only part of a ReadProcessMemory or WriteProcessMemory request was completed. (0x12B)
[0429/102305.002:ERROR:process_memory_win.cc(73)] ReadMemory at 0x246ae9c80c0 of 58 bytes failed: Only part of a ReadProcessMemory or WriteProcessMemory request was completed. (0x12B)
[0429/102305.002:ERROR:process_memory_win.cc(73)] ReadMemory at 0x246ae9c81b0 of 64 bytes failed: Only part of a ReadProcessMemory or WriteProcessMemory request was completed. (0x12B)
[0429/102305.002:ERROR:process_memory_win.cc(73)] ReadMemory at 0x246ae9c8200 of 60 bytes failed: Only part of a ReadProcessMemory or WriteProcessMemory request was completed. (0x12B)
[0429/102305.002:ERROR:process_memory_win.cc(73)] ReadMemory at 0x246ae9c8250 of 60 bytes failed: Only part of a ReadProcessMemory or WriteProcessMemory request was completed. (0x12B)
[0429/102305.003:ERROR:process_memory_win.cc(73)] ReadMemory at 0x246ae9c82a0 of 64 bytes failed: Only part of a ReadProcessMemory or WriteProcessMemory request was completed. (0x12B)
[0429/102305.003:ERROR:process_memory_win.cc(73)] ReadMemory at 0x246ae9c83e0 of 62 bytes failed: Only part of a ReadProcessMemory or WriteProcessMemory request was completed. (0x12B)
[0429/102305.003:ERROR:process_memory_win.cc(73)] ReadMemory at 0x246ae9c8700 of 60 bytes failed: Only part of a ReadProcessMemory or WriteProcessMemory request was completed. (0x12B)
[0429/102305.003:ERROR:process_memory_win.cc(73)] ReadMemory at 0x246ae9c8ac0 of 132 bytes failed: Only part of a ReadProcessMemory or WriteProcessMemory request was completed. (0x12B)
[0429/102305.003:ERROR:process_memory_win.cc(73)] ReadMemory at 0x246ae9c91e0 of 132 bytes failed: Only part of a ReadProcessMemory or WriteProcessMemory request was completed. (0x12B)
[0429/102305.003:ERROR:process_memory_win.cc(73)] ReadMemory at 0x246ae9c9dc0 of 132 bytes failed: Only part of a ReadProcessMemory or WriteProcessMemory request was completed. (0x12B)
[0429/102305.004:ERROR:process_memory_win.cc(73)] ReadMemory at 0x246ae9c9ef0 of 132 bytes failed: Only part of a ReadProcessMemory or WriteProcessMemory request was completed. (0x12B)
[0429/102305.004:ERROR:process_memory_win.cc(73)] ReadMemory at 0x246ae9d9940 of 512 bytes failed: Only part of a ReadProcessMemory or WriteProcessMemory request was completed. (0x12B)
[0429/102305.004:ERROR:process_memory_win.cc(73)] ReadMemory at 0x246ae9da980 of 512 bytes failed: Only part of a ReadProcessMemory or WriteProcessMemory request was completed. (0x12B)
[0429/102305.004:ERROR:process_memory_win.cc(73)] ReadMemory at 0x246aeaf2ec0 of 512 bytes failed: Only part of a ReadProcessMemory or WriteProcessMemory request was completed. (0x12B)
[0429/102305.004:ERROR:process_memory_win.cc(73)] ReadMemory at 0x246aec19f10 of 512 bytes failed: Only part of a ReadProcessMemory or WriteProcessMemory request was completed. (0x12B)
[0429/102305.005:ERROR:process_memory_win.cc(73)] ReadMemory at 0x246aece3610 of 512 bytes failed: Only part of a ReadProcessMemory or WriteProcessMemory request was completed. (0x12B)
[0429/102305.005:ERROR:process_memory_win.cc(73)] ReadMemory at 0x246aef19d40 of 512 bytes failed: Only part of a ReadProcessMemory or WriteProcessMemory request was completed. (0x12B)
[0429/102305.005:ERROR:process_memory_win.cc(73)] ReadMemory at 0x246aef36600 of 512 bytes failed: Only part of a ReadProcessMemory or WriteProcessMemory request was completed. (0x12B)
[0429/102305.006:ERROR:process_memory_win.cc(73)] ReadMemory at 0x246aef3ab90 of 512 bytes failed: Only part of a ReadProcessMemory or WriteProcessMemory request was completed. (0x12B)
[0429/102305.006:ERROR:process_memory_win.cc(73)] ReadMemory at 0x246aef5bc40 of 512 bytes failed: Only part of a ReadProcessMemory or WriteProcessMemory request was completed. (0x12B)
[0429/102305.006:ERROR:process_memory_win.cc(73)] ReadMemory at 0x246aef65610 of 512 bytes failed: Only part of a ReadProcessMemory or WriteProcessMemory request was completed. (0x12B)
[0429/102305.006:ERROR:process_memory_win.cc(73)] ReadMemory at 0x246aef6cba0 of 512 bytes failed: Only part of a ReadProcessMemory or WriteProcessMemory request was completed. (0x12B)
[0429/102305.006:ERROR:process_memory_win.cc(73)] ReadMemory at 0x246aef75150 of 696 bytes failed: Only part of a ReadProcessMemory or WriteProcessMemory request was completed. (0x12B)
[0429/102305.007:ERROR:process_memory_win.cc(73)] ReadMemory at 0x246aef7e4b0 of 512 bytes failed: Only part of a ReadProcessMemory or WriteProcessMemory request was completed. (0x12B)
[0429/102305.007:ERROR:process_memory_win.cc(73)] ReadMemory at 0x246aef80eb0 of 512 bytes failed: Only part of a ReadProcessMemory or WriteProcessMemory request was completed. (0x12B)
[0429/102305.007:ERROR:process_memory_win.cc(73)] ReadMemory at 0x246aefa9310 of 512 bytes failed: Only part of a ReadProcessMemory or WriteProcessMemory request was completed. (0x12B)
[0429/102305.008:ERROR:process_memory_win.cc(73)] ReadMemory at 0x246aefb6840 of 512 bytes failed: Only part of a ReadProcessMemory or WriteProcessMemory request was completed. (0x12B)
[0429/102305.008:ERROR:process_memory_win.cc(73)] ReadMemory at 0x246aefcf6d0 of 512 bytes failed: Only part of a ReadProcessMemory or WriteProcessMemory request was completed. (0x12B)
[0429/102305.008:ERROR:process_memory_win.cc(73)] ReadMemory at 0x246b0c5de90 of 512 bytes failed: Only part of a ReadProcessMemory or WriteProcessMemory request was completed. (0x12B)
[0429/102305.008:ERROR:process_memory_win.cc(73)] ReadMemory at 0x246b0c5e230 of 512 bytes failed: Only part of a ReadProcessMemory or WriteProcessMemory request was completed. (0x12B)
[0429/102305.008:ERROR:process_memory_win.cc(73)] ReadMemory at 0x246b0c5e770 of 512 bytes failed: Only part of a ReadProcessMemory or WriteProcessMemory request was completed. (0x12B)
[0429/102305.008:ERROR:process_memory_win.cc(73)] ReadMemory at 0x246b0c5ebf0 of 512 bytes failed: Only part of a ReadProcessMemory or WriteProcessMemory request was completed. (0x12B)
[0429/102305.008:ERROR:process_memory_win.cc(73)] ReadMemory at 0x246b0d3ec68 of 512 bytes failed: Only part of a ReadProcessMemory or WriteProcessMemory request was completed. (0x12B)
[0429/102305.009:ERROR:process_memory_win.cc(73)] ReadMemory at 0x246b0d561a0 of 512 bytes failed: Only part of a ReadProcessMemory or WriteProcessMemory request was completed. (0x12B)
[0429/102305.010:ERROR:process_memory_win.cc(73)] ReadMemory at 0x246b10a8c90 of 512 bytes failed: Only part of a ReadProcessMemory or WriteProcessMemory request was completed. (0x12B)
[0429/102305.010:ERROR:process_memory_win.cc(73)] ReadMemory at 0x246b10bc6a0 of 688 bytes failed: Only part of a ReadProcessMemory or WriteProcessMemory request was completed. (0x12B)
[0429/102305.010:ERROR:process_memory_win.cc(73)] ReadMemory at 0x246b10c3550 of 512 bytes failed: Only part of a ReadProcessMemory or WriteProcessMemory request was completed. (0x12B)
[0429/102305.010:ERROR:process_memory_win.cc(73)] ReadMemory at 0x246b1201da0 of 512 bytes failed: Only part of a ReadProcessMemory or WriteProcessMemory request was completed. (0x12B)
[0429/102305.010:ERROR:process_memory_win.cc(73)] ReadMemory at 0x246b120fb70 of 512 bytes failed: Only part of a ReadProcessMemory or WriteProcessMemory request was completed. (0x12B)
[0429/102305.011:ERROR:process_memory_win.cc(73)] ReadMemory at 0x246b1218550 of 512 bytes failed: Only part of a ReadProcessMemory or WriteProcessMemory request was completed. (0x12B)
[0429/102305.011:ERROR:process_memory_win.cc(73)] ReadMemory at 0x246b12190c0 of 512 bytes failed: Only part of a ReadProcessMemory or WriteProcessMemory request was completed. (0x12B)
[0429/102305.011:ERROR:process_memory_win.cc(73)] ReadMemory at 0x246b12d0000 of 512 bytes failed: Only part of a ReadProcessMemory or WriteProcessMemory request was completed. (0x12B)
[0429/102305.011:ERROR:process_memory_win.cc(73)] ReadMemory at 0x246b12ff3a0 of 512 bytes failed: Only part of a ReadProcessMemory or WriteProcessMemory request was completed. (0x12B)
[0429/102305.012:ERROR:process_memory_win.cc(73)] ReadMemory at 0x246b13f56e0 of 512 bytes failed: Only part of a ReadProcessMemory or WriteProcessMemory request was completed. (0x12B)
[0429/102305.012:ERROR:process_memory_win.cc(73)] ReadMemory at 0x246b1c029b0 of 776 bytes failed: Only part of a ReadProcessMemory or WriteProcessMemory request was completed. (0x12B)
[0429/102305.012:ERROR:process_memory_win.cc(73)] ReadMemory at 0x246b1c03100 of 560 bytes failed: Only part of a ReadProcessMemory or WriteProcessMemory request was completed. (0x12B)
[0429/102305.012:ERROR:process_memory_win.cc(73)] ReadMemory at 0x246b1c91f80 of 512 bytes failed: Only part of a ReadProcessMemory or WriteProcessMemory request was completed. (0x12B)
[0429/102305.012:ERROR:process_memory_win.cc(73)] ReadMemory at 0x246b1da1f90 of 512 bytes failed: Only part of a ReadProcessMemory or WriteProcessMemory request was completed. (0x12B)
[0429/102305.013:ERROR:process_memory_win.cc(73)] ReadMemory at 0x246b1ef7820 of 512 bytes failed: Only part of a ReadProcessMemory or WriteProcessMemory request was completed. (0x12B)
[0429/102305.013:ERROR:process_memory_win.cc(73)] ReadMemory at 0x7ff8304b84dd of 512 bytes failed: Only part of a ReadProcessMemory or WriteProcessMemory request was completed. (0x12B)
[0429/102305.013:ERROR:process_memory_win.cc(73)] ReadMemory at 0x7ff832a7121c of 512 bytes failed: Only part of a ReadProcessMemory or WriteProcessMemory request was completed. (0x12B)
[0429/102305.013:ERROR:process_memory_win.cc(73)] ReadMemory at 0x7ff832e01070 of 512 bytes failed: Only part of a ReadProcessMemory or WriteProcessMemory request was completed. (0x12B)
[0429/102305.013:ERROR:process_memory_win.cc(73)] ReadMemory at 0x7ff832e75bfa of 512 bytes failed: Only part of a ReadProcessMemory or WriteProcessMemory request was completed. (0x12B)
[0429/102305.014:ERROR:process_memory_win.cc(73)] ReadMemory at 0x7ff861c1e6ee of 512 bytes failed: Only part of a ReadProcessMemory or WriteProcessMemory request was completed. (0x12B)
[0429/102305.014:ERROR:process_memory_win.cc(73)] ReadMemory at 0x7ff861c1f823 of 512 bytes failed: Only part of a ReadProcessMemory or WriteProcessMemory request was completed. (0x12B)
[0429/102305.014:ERROR:process_memory_win.cc(73)] ReadMemory at 0x7ff879290e00 of 512 bytes failed: Only part of a ReadProcessMemory or WriteProcessMemory request was completed. (0x12B)
[0429/102305.014:ERROR:process_memory_win.cc(73)] ReadMemory at 0x7ff87930a2ae of 512 bytes failed: Only part of a ReadProcessMemory or WriteProcessMemory request was completed. (0x12B)
[0429/102305.015:ERROR:process_memory_win.cc(73)] ReadMemory at 0x7ff879546270 of 512 bytes failed: Only part of a ReadProcessMemory or WriteProcessMemory request was completed. (0x12B)
[0429/102305.015:ERROR:process_memory_win.cc(73)] ReadMemory at 0x7ff8795479f0 of 512 bytes failed: Only part of a ReadProcessMemory or WriteProcessMemory request was completed. (0x12B)
[0429/102305.015:ERROR:process_memory_win.cc(73)] ReadMemory at 0x7ff8795482e0 of 512 bytes failed: Only part of a ReadProcessMemory or WriteProcessMemory request was completed. (0x12B)
[0429/102305.015:ERROR:process_memory_win.cc(73)] ReadMemory at 0x7ff87954a0d0 of 512 bytes failed: Only part of a ReadProcessMemory or WriteProcessMemory request was completed. (0x12B)
[0429/102305.015:ERROR:process_memory_win.cc(73)] ReadMemory at 0x7ff8795ba9a4 of 672 bytes failed: Only part of a ReadProcessMemory or WriteProcessMemory request was completed. (0x12B)
[0429/102305.016:ERROR:process_memory_win.cc(73)] ReadMemory at 0x7ff8795be214 of 608 bytes failed: Only part of a ReadProcessMemory or WriteProcessMemory request was completed. (0x12B)
[0429/102305.016:ERROR:process_memory_win.cc(73)] ReadMemory at 0x7ff8796401e0 of 18 bytes failed: Only part of a ReadProcessMemory or WriteProcessMemory request was completed. (0x12B)
[0429/102305.016:ERROR:process_memory_win.cc(73)] ReadMemory at 0x7ff8796765b0 of 40 bytes failed: Only part of a ReadProcessMemory or WriteProcessMemory request was completed. (0x12B)
[0429/102305.019:ERROR:process_memory_win.cc(73)] ReadMemory at 0x7ff879676a08 of 48 bytes failed: Only part of a ReadProcessMemory or WriteProcessMemory request was completed. (0x12B)
[0429/102305.019:ERROR:process_memory_win.cc(73)] ReadMemory at 0x7ff87967c360 of 64 bytes failed: Only part of a ReadProcessMemory or WriteProcessMemory request was completed. (0x12B)
[0429/102305.028:ERROR:scoped_process_suspend.cc(40)] NtResumeProcess: An attempt was made to access an exiting process. (0xc000010a)
